Arguments: 
  /usr/bin/node /usr/share/yarn/bin/yarn.js add express

PATH: 
  /usr/local/sbin:/usr/local/bin:/usr/sbin:/usr/bin:/sbin:/bin:/snap/bin

Yarn version: 
  1.12.3

Node version: 
  8.10.0

Platform: 
  linux x64

Trace: 
  Error: EROFS: read-only file system, symlink '../../../mime/cli.js' -> '/home/user/git/hub/learningProj/graphql-py/graphql-node/graphql_server/node_modules/send/node_modules/.bin/mime'

npm manifest: 
  {
    "name": "getting-started",
    "version": "1.0.0",
    "main": "index.js",
    "license": "MIT",
    "dependencies": {
      "graphql": "^14.0.2"
    }
  }

yarn manifest: 
  No manifest

Lockfile: 
  # THIS IS AN AUTOGENERATED FILE. DO NOT EDIT THIS FILE DIRECTLY.
  # yarn lockfile v1
  
  
  graphql@^14.0.2:
    version "14.0.2"
    resolved "https://registry.yarnpkg.com/graphql/-/graphql-14.0.2.tgz#7dded337a4c3fd2d075692323384034b357f5650"
    integrity sha512-gUC4YYsaiSJT1h40krG3J+USGlwhzNTXSb4IOZljn9ag5Tj+RkoXrWp+Kh7WyE3t1NCfab5kzCuxBIvOMERMXw==
    dependencies:
      iterall "^1.2.2"
  
  iterall@^1.2.2:
    version "1.2.2"
    resolved "https://registry.yarnpkg.com/iterall/-/iterall-1.2.2.tgz#92d70deb8028e0c39ff3164fdbf4d8b088130cd7"
    integrity sha512-yynBb1g+RFUPY64fTrFv7nsjRrENBQJaX2UL+2Szc9REFrSNm1rpSXHGzhmAy7a9uv3vlvgBlXnf9RqmPH1/DA==
